2026-04-10 19:46:49.369 [34mINFO [0;39m [35m[][0;39m [33m[main][0;39m INFO com.spring.boot.monitoring.SpringBootMonitoringApplication - Starting SpringBootMonitoringApplication using Java 21.0.8 with PID 7844 (C:\study\spring-boot-monitoring\build\classes\java\main started by gyrbs in C:\study\spring-boot-monitoring)
2026-04-10 19:46:49.662 [39mDEBUG[0;39m [35m[][0;39m [33m[main][0;39m DEBUG com.spring.boot.monitoring.SpringBootMonitoringApplication - Running with Spring Boot v4.0.1, Spring v7.0.2
2026-04-10 19:46:49.665 [34mINFO [0;39m [35m[][0;39m [33m[main][0;39m INFO com.spring.boot.monitoring.SpringBootMonitoringApplication - No active profile set, falling back to 1 default profile: "default"
2026-04-10 19:46:52.745 [34mINFO [0;39m [35m[][0;39m [33m[main][0;39m INFO org.springframework.data.repository.config.RepositoryConfigurationDelegate - Bootstrapping Spring Data JPA repositories in DEFAULT mode.
2026-04-10 19:46:53.136 [34mINFO [0;39m [35m[][0;39m [33m[main][0;39m INFO org.springframework.data.repository.config.RepositoryConfigurationDelegate - Finished Spring Data repository scanning in 344 ms. Found 1 JPA repository interface.
2026-04-10 19:46:54.887 [39mDEBUG[0;39m [35m[][0;39m [33m[main][0;39m DEBUG org.apache.catalina.core.ContainerBase - Add container child [StandardHost[localhost]] to container [StandardEngine[Tomcat]]
2026-04-10 19:46:54.973 [39mDEBUG[0;39m [35m[][0;39m [33m[main][0;39m DEBUG org.apache.catalina.core.ContainerBase - Add container child [TomcatEmbeddedContext[]] to container [StandardEngine[Tomcat].StandardHost[localhost]]
2026-04-10 19:46:54.992 [34mINFO [0;39m [35m[][0;39m [33m[main][0;39m INFO org.springframework.boot.tomcat.TomcatWebServer - Tomcat initialized with port 8000 (http)
2026-04-10 19:46:55.006 [39mDEBUG[0;39m [35m[][0;39m [33m[main][0;39m DEBUG org.apache.catalina.util.LifecycleBase - Setting state for [StandardServer[-1]] to [INITIALIZING]
2026-04-10 19:46:55.027 [39mDEBUG[0;39m [35m[][0;39m [33m[main][0;39m DEBUG org.apache.catalina.util.LifecycleBase - Setting state for [org.apache.catalina.deploy.NamingResourcesImpl@479b5066] to [INITIALIZING]
2026-04-10 19:46:55.029 [39mDEBUG[0;39m [35m[][0;39m [33m[main][0;39m DEBUG org.apache.catalina.util.LifecycleBase - Setting state for [org.apache.catalina.deploy.NamingResourcesImpl@479b5066] to [INITIALIZED]
2026-04-10 19:46:55.031 [39mDEBUG[0;39m [35m[][0;39m [33m[main][0;39m DEBUG org.apache.catalina.util.LifecycleBase - Setting state for [StandardService[Tomcat]] to [INITIALIZING]
2026-04-10 19:46:55.032 [39mDEBUG[0;39m [35m[][0;39m [33m[main][0;39m DEBUG org.apache.catalina.util.LifecycleBase - Setting state for [StandardEngine[Tomcat]] to [INITIALIZING]
2026-04-10 19:46:55.034 [39mDEBUG[0;39m [35m[][0;39m [33m[main][0;39m DEBUG org.apache.catalina.util.LifecycleBase - Setting state for [StandardEngine[Tomcat]] to [INITIALIZED]
2026-04-10 19:46:55.038 [39mDEBUG[0;39m [35m[][0;39m [33m[main][0;39m DEBUG org.apache.catalina.util.LifecycleBase - Setting state for [org.apache.catalina.mapper.MapperListener@33379242] to [INITIALIZING]
2026-04-10 19:46:55.039 [39mDEBUG[0;39m [35m[][0;39m [33m[main][0;39m DEBUG org.apache.catalina.util.LifecycleBase - Setting state for [org.apache.catalina.mapper.MapperListener@33379242] to [INITIALIZED]
2026-04-10 19:46:55.041 [39mDEBUG[0;39m [35m[][0;39m [33m[main][0;39m DEBUG org.apache.catalina.util.LifecycleBase - Setting state for [Connector["http-nio-8000"]] to [INITIALIZING]
2026-04-10 19:46:55.068 [34mINFO [0;39m [35m[][0;39m [33m[main][0;39m INFO org.apache.coyote.http11.Http11NioProtocol - Initializing ProtocolHandler ["http-nio-8000"]
2026-04-10 19:46:55.072 [39mDEBUG[0;39m [35m[][0;39m [33m[main][0;39m DEBUG org.apache.catalina.util.LifecycleBase - Setting state for [Connector["http-nio-8000"]] to [INITIALIZED]
2026-04-10 19:46:55.074 [39mDEBUG[0;39m [35m[][0;39m [33m[main][0;39m DEBUG org.apache.catalina.util.LifecycleBase - Setting state for [StandardService[Tomcat]] to [INITIALIZED]
2026-04-10 19:46:55.075 [39mDEBUG[0;39m [35m[][0;39m [33m[main][0;39m DEBUG org.apache.catalina.util.LifecycleBase - Setting state for [StandardServer[-1]] to [INITIALIZED]
2026-04-10 19:46:55.077 [39mDEBUG[0;39m [35m[][0;39m [33m[main][0;39m DEBUG org.apache.catalina.util.LifecycleBase - Setting state for [StandardServer[-1]] to [STARTING_PREP]
2026-04-10 19:46:55.077 [39mDEBUG[0;39m [35m[][0;39m [33m[main][0;39m DEBUG org.apache.catalina.util.LifecycleBase - Setting state for [StandardServer[-1]] to [STARTING]
2026-04-10 19:46:55.082 [39mDEBUG[0;39m [35m[][0;39m [33m[main][0;39m DEBUG org.apache.catalina.util.LifecycleBase - Setting state for [org.apache.catalina.deploy.NamingResourcesImpl@479b5066] to [STARTING_PREP]
2026-04-10 19:46:55.084 [39mDEBUG[0;39m [35m[][0;39m [33m[main][0;39m DEBUG org.apache.catalina.util.LifecycleBase - Setting state for [org.apache.catalina.deploy.NamingResourcesImpl@479b5066] to [STARTING]
2026-04-10 19:46:55.084 [39mDEBUG[0;39m [35m[][0;39m [33m[main][0;39m DEBUG org.apache.catalina.util.LifecycleBase - Setting state for [org.apache.catalina.deploy.NamingResourcesImpl@479b5066] to [STARTED]
2026-04-10 19:46:55.085 [39mDEBUG[0;39m [35m[][0;39m [33m[main][0;39m DEBUG org.apache.catalina.util.LifecycleBase - Setting state for [StandardService[Tomcat]] to [STARTING_PREP]
2026-04-10 19:46:55.087 [34mINFO [0;39m [35m[][0;39m [33m[main][0;39m INFO org.apache.catalina.core.StandardService - Starting service [Tomcat]
2026-04-10 19:46:55.087 [39mDEBUG[0;39m [35m[][0;39m [33m[main][0;39m DEBUG org.apache.catalina.util.LifecycleBase - Setting state for [StandardService[Tomcat]] to [STARTING]
2026-04-10 19:46:55.088 [39mDEBUG[0;39m [35m[][0;39m [33m[main][0;39m DEBUG org.apache.catalina.util.LifecycleBase - Setting state for [StandardEngine[Tomcat]] to [STARTING_PREP]
2026-04-10 19:46:55.090 [34mINFO [0;39m [35m[][0;39m [33m[main][0;39m INFO org.apache.catalina.core.StandardEngine - Starting Servlet engine: [Apache Tomcat/11.0.15]
2026-04-10 19:46:55.093 [39mDEBUG[0;39m [35m[][0;39m [33m[main][0;39m DEBUG org.apache.catalina.util.LifecycleBase - Setting state for [SimpleRealm[StandardEngine[Tomcat]]] to [INITIALIZING]
2026-04-10 19:46:55.097 [39mDEBUG[0;39m [35m[][0;39m [33m[main][0;39m DEBUG org.apache.catalina.util.LifecycleBase - Setting state for [SimpleRealm[StandardEngine[Tomcat]]] to [INITIALIZED]
2026-04-10 19:46:55.097 [39mDEBUG[0;39m [35m[][0;39m [33m[main][0;39m DEBUG org.apache.catalina.util.LifecycleBase - Setting state for [SimpleRealm[StandardEngine[Tomcat]]] to [STARTING_PREP]
2026-04-10 19:46:55.099 [39mDEBUG[0;39m [35m[][0;39m [33m[main][0;39m DEBUG org.apache.catalina.util.LifecycleBase - Setting state for [SimpleRealm[StandardEngine[Tomcat]]] to [STARTING]
2026-04-10 19:46:55.101 [39mDEBUG[0;39m [35m[][0;39m [33m[main][0;39m DEBUG org.apache.catalina.util.LifecycleBase - Setting state for [SimpleRealm[StandardEngine[Tomcat]]] to [STARTED]
2026-04-10 19:46:55.105 [39mDEBUG[0;39m [35m[][0;39m [33m[main][0;39m DEBUG org.apache.catalina.util.LifecycleBase - Setting state for [StandardEngine[Tomcat].StandardHost[localhost]] to [INITIALIZING]
2026-04-10 19:46:55.108 [39mDEBUG[0;39m [35m[][0;39m [33m[main][0;39m DEBUG org.apache.catalina.util.LifecycleBase - Setting state for [StandardEngine[Tomcat].StandardHost[localhost]] to [INITIALIZED]
2026-04-10 19:46:55.108 [39mDEBUG[0;39m [35m[][0;39m [33m[main][0;39m DEBUG org.apache.catalina.util.LifecycleBase - Setting state for [StandardEngine[Tomcat].StandardHost[localhost]] to [STARTING_PREP]
2026-04-10 19:46:55.108 [39mDEBUG[0;39m [35m[][0;39m [33m[main][0;39m DEBUG org.apache.catalina.util.LifecycleBase - Setting state for [StandardEngine[Tomcat].StandardHost[localhost].TomcatEmbeddedContext[]] to [INITIALIZING]
2026-04-10 19:46:55.236 [39mDEBUG[0;39m [35m[][0;39m [33m[main][0;39m DEBUG org.apache.catalina.util.LifecycleBase - Setting state for [StandardEngine[Tomcat].StandardHost[localhost].TomcatEmbeddedContext[]] to [INITIALIZED]
2026-04-10 19:46:55.237 [39mDEBUG[0;39m [35m[][0;39m [33m[main][0;39m DEBUG org.apache.catalina.util.LifecycleBase - Setting state for [StandardEngine[Tomcat].StandardHost[localhost].TomcatEmbeddedContext[]] to [STARTING_PREP]
2026-04-10 19:46:55.276 [39mDEBUG[0;39m [35m[][0;39m [33m[main][0;39m DEBUG org.apache.catalina.util.LifecycleBase - Setting state for [org.apache.catalina.webresources.StandardRoot@4bdf] to [INITIALIZING]
2026-04-10 19:46:55.284 [39mDEBUG[0;39m [35m[][0;39m [33m[main][0;39m DEBUG org.apache.catalina.util.LifecycleBase - Setting state for [org.apache.catalina.webresources.StandardRoot@4bdf] to [INITIALIZED]
2026-04-10 19:46:55.285 [39mDEBUG[0;39m [35m[][0;39m [33m[main][0;39m DEBUG org.apache.catalina.util.LifecycleBase - Setting state for [org.apache.catalina.webresources.StandardRoot@4bdf] to [STARTING_PREP]
2026-04-10 19:46:55.297 [39mDEBUG[0;39m [35m[][0;39m [33m[main][0;39m DEBUG org.apache.catalina.util.LifecycleBase - Setting state for [org.apache.catalina.webresources.DirResourceSet@3af58f76] to [INITIALIZING]
2026-04-10 19:46:55.304 [39mDEBUG[0;39m [35m[][0;39m [33m[main][0;39m DEBUG org.apache.catalina.util.LifecycleBase - Setting state for [org.apache.catalina.webresources.DirResourceSet@3af58f76] to [INITIALIZED]
2026-04-10 19:46:55.304 [39mDEBUG[0;39m [35m[][0;39m [33m[main][0;39m DEBUG org.apache.catalina.util.LifecycleBase - Setting state for [org.apache.catalina.webresources.DirResourceSet@3af58f76] to [STARTING_PREP]
2026-04-10 19:46:55.305 [39mDEBUG[0;39m [35m[][0;39m [33m[main][0;39m DEBUG org.apache.catalina.util.LifecycleBase - Setting state for [org.apache.catalina.webresources.DirResourceSet@3af58f76] to [STARTING]
2026-04-10 19:46:55.306 [39mDEBUG[0;39m [35m[][0;39m [33m[main][0;39m DEBUG org.apache.catalina.util.LifecycleBase - Setting state for [org.apache.catalina.webresources.DirResourceSet@3af58f76] to [STARTED]
2026-04-10 19:46:55.308 [39mDEBUG[0;39m [35m[][0;39m [33m[main][0;39m DEBUG org.apache.catalina.util.LifecycleBase - Setting state for [org.apache.catalina.webresources.StandardRoot@4bdf] to [STARTING]
2026-04-10 19:46:55.309 [39mDEBUG[0;39m [35m[][0;39m [33m[main][0;39m DEBUG org.apache.catalina.util.LifecycleBase - Setting state for [org.apache.catalina.webresources.StandardRoot@4bdf] to [STARTED]
2026-04-10 19:46:55.311 [39mDEBUG[0;39m [35m[][0;39m [33m[main][0;39m DEBUG org.apache.catalina.util.LifecycleBase - Setting state for [WebappLoader[StandardEngine[Tomcat].StandardHost[localhost].TomcatEmbeddedContext[]]] to [INITIALIZING]
2026-04-10 19:46:55.313 [39mDEBUG[0;39m [35m[][0;39m [33m[main][0;39m DEBUG org.apache.catalina.util.LifecycleBase - Setting state for [WebappLoader[StandardEngine[Tomcat].StandardHost[localhost].TomcatEmbeddedContext[]]] to [INITIALIZED]
2026-04-10 19:46:55.314 [39mDEBUG[0;39m [35m[][0;39m [33m[main][0;39m DEBUG org.apache.catalina.util.LifecycleBase - Setting state for [WebappLoader[StandardEngine[Tomcat].StandardHost[localhost].TomcatEmbeddedContext[]]] to [STARTING_PREP]
2026-04-10 19:46:55.315 [39mDEBUG[0;39m [35m[][0;39m [33m[main][0;39m DEBUG org.apache.catalina.loader.WebappLoader - Starting this Loader
2026-04-10 19:46:55.333 [39mDEBUG[0;39m [35m[][0;39m [33m[main][0;39m DEBUG org.apache.catalina.webresources.Cache - Increased cache size by [531] for item [org.apache.catalina.webresources.CachedResource@60e3c26e] at [/WEB-INF/classes] making total cache size [531]
2026-04-10 19:46:55.339 [39mDEBUG[0;39m [35m[][0;39m [33m[main][0;39m DEBUG org.apache.catalina.util.LifecycleBase - Setting state for [WebappLoader[StandardEngine[Tomcat].StandardHost[localhost].TomcatEmbeddedContext[]]] to [STARTING]
2026-04-10 19:46:55.343 [39mDEBUG[0;39m [35m[][0;39m [33m[main][0;39m DEBUG org.apache.catalina.util.LifecycleBase - Setting state for [WebappLoader[StandardEngine[Tomcat].StandardHost[localhost].TomcatEmbeddedContext[]]] to [STARTED]
2026-04-10 19:46:55.349 [39mDEBUG[0;39m [35m[][0;39m [33m[main][0;39m DEBUG org.apache.catalina.util.LifecycleBase - Setting state for [StandardPipeline[StandardEngine[Tomcat].StandardHost[localhost].TomcatEmbeddedContext[]]] to [INITIALIZING]
2026-04-10 19:46:55.351 [39mDEBUG[0;39m [35m[][0;39m [33m[main][0;39m DEBUG org.apache.catalina.util.LifecycleBase - Setting state for [StandardPipeline[StandardEngine[Tomcat].StandardHost[localhost].TomcatEmbeddedContext[]]] to [INITIALIZED]
2026-04-10 19:46:55.352 [39mDEBUG[0;39m [35m[][0;39m [33m[main][0;39m DEBUG org.apache.catalina.util.LifecycleBase - Setting state for [StandardPipeline[StandardEngine[Tomcat].StandardHost[localhost].TomcatEmbeddedContext[]]] to [STARTING_PREP]
2026-04-10 19:46:55.353 [39mDEBUG[0;39m [35m[][0;39m [33m[main][0;39m DEBUG org.apache.catalina.util.LifecycleBase - Setting state for [NonLoginAuthenticator[StandardEngine[Tomcat].StandardHost[localhost].TomcatEmbeddedContext[]]] to [INITIALIZING]
2026-04-10 19:46:55.354 [39mDEBUG[0;39m [35m[][0;39m [33m[main][0;39m DEBUG org.apache.catalina.util.LifecycleBase - Setting state for [NonLoginAuthenticator[StandardEngine[Tomcat].StandardHost[localhost].TomcatEmbeddedContext[]]] to [INITIALIZED]
2026-04-10 19:46:55.355 [39mDEBUG[0;39m [35m[][0;39m [33m[main][0;39m DEBUG org.apache.catalina.util.LifecycleBase - Setting state for [NonLoginAuthenticator[StandardEngine[Tomcat].StandardHost[localhost].TomcatEmbeddedContext[]]] to [STARTING_PREP]
2026-04-10 19:46:55.362 [39mDEBUG[0;39m [35m[][0;39m [33m[main][0;39m DEBUG org.apache.catalina.util.LifecycleBase - Setting state for [NonLoginAuthenticator[StandardEngine[Tomcat].StandardHost[localhost].TomcatEmbeddedContext[]]] to [STARTING]
2026-04-10 19:46:55.363 [39mDEBUG[0;39m [35m[][0;39m [33m[main][0;39m DEBUG org.apache.catalina.util.LifecycleBase - Setting state for [NonLoginAuthenticator[StandardEngine[Tomcat].StandardHost[localhost].TomcatEmbeddedContext[]]] to [STARTED]
2026-04-10 19:46:55.363 [39mDEBUG[0;39m [35m[][0;39m [33m[main][0;39m DEBUG org.apache.catalina.util.LifecycleBase - Setting state for [StandardContextValve[StandardEngine[Tomcat].StandardHost[localhost].TomcatEmbeddedContext[]]] to [INITIALIZING]
2026-04-10 19:46:55.364 [39mDEBUG[0;39m [35m[][0;39m [33m[main][0;39m DEBUG org.apache.catalina.util.LifecycleBase - Setting state for [StandardContextValve[StandardEngine[Tomcat].StandardHost[localhost].TomcatEmbeddedContext[]]] to [INITIALIZED]
2026-04-10 19:46:55.366 [39mDEBUG[0;39m [35m[][0;39m [33m[main][0;39m DEBUG org.apache.catalina.util.LifecycleBase - Setting state for [StandardContextValve[StandardEngine[Tomcat].StandardHost[localhost].TomcatEmbeddedContext[]]] to [STARTING_PREP]
2026-04-10 19:46:55.366 [39mDEBUG[0;39m [35m[][0;39m [33m[main][0;39m DEBUG org.apache.catalina.util.LifecycleBase - Setting state for [StandardContextValve[StandardEngine[Tomcat].StandardHost[localhost].TomcatEmbeddedContext[]]] to [STARTING]
2026-04-10 19:46:55.367 [39mDEBUG[0;39m [35m[][0;39m [33m[main][0;39m DEBUG org.apache.catalina.util.LifecycleBase - Setting state for [StandardContextValve[StandardEngine[Tomcat].StandardHost[localhost].TomcatEmbeddedContext[]]] to [STARTED]
2026-04-10 19:46:55.368 [39mDEBUG[0;39m [35m[][0;39m [33m[main][0;39m DEBUG org.apache.catalina.util.LifecycleBase - Setting state for [StandardPipeline[StandardEngine[Tomcat].StandardHost[localhost].TomcatEmbeddedContext[]]] to [STARTING]
2026-04-10 19:46:55.368 [39mDEBUG[0;39m [35m[][0;39m [33m[main][0;39m DEBUG org.apache.catalina.util.LifecycleBase - Setting state for [StandardPipeline[StandardEngine[Tomcat].StandardHost[localhost].TomcatEmbeddedContext[]]] to [STARTED]
2026-04-10 19:46:55.369 [39mDEBUG[0;39m [35m[][0;39m [33m[main][0;39m DEBUG org.apache.catalina.core.StandardContext - No manager found. Checking if cluster manager should be used. Cluster configured: [false], Application distributable: [false]
2026-04-10 19:46:55.388 [39mDEBUG[0;39m [35m[][0;39m [33m[main][0;39m DEBUG org.apache.catalina.core.StandardContext - Configured a manager of class [org.apache.catalina.session.StandardManager]
2026-04-10 19:46:55.392 [39mDEBUG[0;39m [35m[][0;39m [33m[main][0;39m DEBUG org.apache.catalina.util.LifecycleBase - Setting state for [org.apache.catalina.deploy.NamingResourcesImpl@59b32539] to [INITIALIZING]
2026-04-10 19:46:55.394 [39mDEBUG[0;39m [35m[][0;39m [33m[main][0;39m DEBUG org.apache.catalina.util.LifecycleBase - Setting state for [org.apache.catalina.deploy.NamingResourcesImpl@59b32539] to [INITIALIZED]
2026-04-10 19:46:55.394 [39mDEBUG[0;39m [35m[][0;39m [33m[main][0;39m DEBUG org.apache.catalina.util.LifecycleBase - Setting state for [org.apache.catalina.deploy.NamingResourcesImpl@59b32539] to [STARTING_PREP]
2026-04-10 19:46:55.394 [39mDEBUG[0;39m [35m[][0;39m [33m[main][0;39m DEBUG org.apache.catalina.util.LifecycleBase - Setting state for [org.apache.catalina.deploy.NamingResourcesImpl@59b32539] to [STARTING]
2026-04-10 19:46:55.395 [39mDEBUG[0;39m [35m[][0;39m [33m[main][0;39m DEBUG org.apache.catalina.util.LifecycleBase - Setting state for [org.apache.catalina.deploy.NamingResourcesImpl@59b32539] to [STARTED]
2026-04-10 19:46:55.461 [34mINFO [0;39m [35m[][0;39m [33m[main][0;39m INFO org.springframework.boot.web.context.servlet.WebApplicationContextInitializer - Root WebApplicationContext: initialization completed in 5556 ms
2026-04-10 19:46:55.557 [39mDEBUG[0;39m [35m[][0;39m [33m[main][0;39m DEBUG org.apache.catalina.core.ContainerBase - Add container child [StandardWrapper[dispatcherServlet]] to container [StandardEngine[Tomcat].StandardHost[localhost].TomcatEmbeddedContext[]]
2026-04-10 19:46:55.558 [39mDEBUG[0;39m [35m[][0;39m [33m[main][0;39m DEBUG org.apache.catalina.util.LifecycleBase - Setting state for [StandardEngine[Tomcat].StandardHost[localhost].TomcatEmbeddedContext[].StandardWrapper[dispatcherServlet]] to [INITIALIZING]
2026-04-10 19:46:55.563 [39mDEBUG[0;39m [35m[][0;39m [33m[main][0;39m DEBUG org.apache.catalina.util.LifecycleBase - Setting state for [StandardEngine[Tomcat].StandardHost[localhost].TomcatEmbeddedContext[].StandardWrapper[dispatcherServlet]] to [INITIALIZED]
2026-04-10 19:46:55.564 [39mDEBUG[0;39m [35m[][0;39m [33m[main][0;39m DEBUG org.apache.catalina.util.LifecycleBase - Setting state for [StandardEngine[Tomcat].StandardHost[localhost].TomcatEmbeddedContext[].StandardWrapper[dispatcherServlet]] to [STARTING_PREP]
2026-04-10 19:46:55.565 [39mDEBUG[0;39m [35m[][0;39m [33m[main][0;39m DEBUG org.apache.catalina.util.LifecycleBase - Setting state for [StandardPipeline[StandardEngine[Tomcat].StandardHost[localhost].TomcatEmbeddedContext[].StandardWrapper[dispatcherServlet]]] to [INITIALIZING]
2026-04-10 19:46:55.567 [39mDEBUG[0;39m [35m[][0;39m [33m[main][0;39m DEBUG org.apache.catalina.util.LifecycleBase - Setting state for [StandardPipeline[StandardEngine[Tomcat].StandardHost[localhost].TomcatEmbeddedContext[].StandardWrapper[dispatcherServlet]]] to [INITIALIZED]
2026-04-10 19:46:55.567 [39mDEBUG[0;39m [35m[][0;39m [33m[main][0;39m DEBUG org.apache.catalina.util.LifecycleBase - Setting state for [StandardPipeline[StandardEngine[Tomcat].StandardHost[localhost].TomcatEmbeddedContext[].StandardWrapper[dispatcherServlet]]] to [STARTING_PREP]
2026-04-10 19:46:55.568 [39mDEBUG[0;39m [35m[][0;39m [33m[main][0;39m DEBUG org.apache.catalina.util.LifecycleBase - Setting state for [StandardWrapperValve[StandardEngine[Tomcat].StandardHost[localhost].TomcatEmbeddedContext[].StandardWrapper[dispatcherServlet]]] to [INITIALIZING]
2026-04-10 19:46:55.570 [39mDEBUG[0;39m [35m[][0;39m [33m[main][0;39m DEBUG org.apache.catalina.util.LifecycleBase - Setting state for [StandardWrapperValve[StandardEngine[Tomcat].StandardHost[localhost].TomcatEmbeddedContext[].StandardWrapper[dispatcherServlet]]] to [INITIALIZED]
2026-04-10 19:46:55.570 [39mDEBUG[0;39m [35m[][0;39m [33m[main][0;39m DEBUG org.apache.catalina.util.LifecycleBase - Setting state for [StandardWrapperValve[StandardEngine[Tomcat].StandardHost[localhost].TomcatEmbeddedContext[].StandardWrapper[dispatcherServlet]]] to [STARTING_PREP]
2026-04-10 19:46:55.571 [39mDEBUG[0;39m [35m[][0;39m [33m[main][0;39m DEBUG org.apache.catalina.util.LifecycleBase - Setting state for [StandardWrapperValve[StandardEngine[Tomcat].StandardHost[localhost].TomcatEmbeddedContext[].StandardWrapper[dispatcherServlet]]] to [STARTING]
2026-04-10 19:46:55.572 [39mDEBUG[0;39m [35m[][0;39m [33m[main][0;39m DEBUG org.apache.catalina.util.LifecycleBase - Setting state for [StandardWrapperValve[StandardEngine[Tomcat].StandardHost[localhost].TomcatEmbeddedContext[].StandardWrapper[dispatcherServlet]]] to [STARTED]
2026-04-10 19:46:55.573 [39mDEBUG[0;39m [35m[][0;39m [33m[main][0;39m DEBUG org.apache.catalina.util.LifecycleBase - Setting state for [StandardPipeline[StandardEngine[Tomcat].StandardHost[localhost].TomcatEmbeddedContext[].StandardWrapper[dispatcherServlet]]] to [STARTING]
2026-04-10 19:46:55.574 [39mDEBUG[0;39m [35m[][0;39m [33m[main][0;39m DEBUG org.apache.catalina.util.LifecycleBase - Setting state for [StandardPipeline[StandardEngine[Tomcat].StandardHost[localhost].TomcatEmbeddedContext[].StandardWrapper[dispatcherServlet]]] to [STARTED]
2026-04-10 19:46:55.576 [39mDEBUG[0;39m [35m[][0;39m [33m[main][0;39m DEBUG org.apache.catalina.util.LifecycleBase - Setting state for [StandardEngine[Tomcat].StandardHost[localhost].TomcatEmbeddedContext[].StandardWrapper[dispatcherServlet]] to [STARTING]
2026-04-10 19:46:55.578 [39mDEBUG[0;39m [35m[][0;39m [33m[main][0;39m DEBUG org.apache.catalina.util.LifecycleBase - Setting state for [StandardEngine[Tomcat].StandardHost[localhost].TomcatEmbeddedContext[].StandardWrapper[dispatcherServlet]] to [STARTED]
2026-04-10 19:46:55.683 [39mDEBUG[0;39m [35m[][0;39m [33m[main][0;39m DEBUG org.apache.catalina.util.LifecycleBase - Setting state for [StandardManager[StandardEngine[Tomcat].StandardHost[localhost].TomcatEmbeddedContext[]]] to [INITIALIZING]
2026-04-10 19:46:55.684 [39mDEBUG[0;39m [35m[][0;39m [33m[main][0;39m DEBUG org.apache.catalina.util.LifecycleBase - Setting state for [StandardManager[StandardEngine[Tomcat].StandardHost[localhost].TomcatEmbeddedContext[]]] to [INITIALIZED]
2026-04-10 19:46:55.685 [39mDEBUG[0;39m [35m[][0;39m [33m[main][0;39m DEBUG org.apache.catalina.util.LifecycleBase - Setting state for [StandardManager[StandardEngine[Tomcat].StandardHost[localhost].TomcatEmbeddedContext[]]] to [STARTING_PREP]
2026-04-10 19:46:55.687 [39mDEBUG[0;39m [35m[][0;39m [33m[main][0;39m DEBUG org.apache.catalina.util.LifecycleBase - Setting state for [org.springframework.boot.tomcat.LazySessionIdGenerator@3d9f5016] to [INITIALIZING]
2026-04-10 19:46:55.688 [39mDEBUG[0;39m [35m[][0;39m [33m[main][0;39m DEBUG org.apache.catalina.util.LifecycleBase - Setting state for [org.springframework.boot.tomcat.LazySessionIdGenerator@3d9f5016] to [INITIALIZED]
2026-04-10 19:46:55.688 [39mDEBUG[0;39m [35m[][0;39m [33m[main][0;39m DEBUG org.apache.catalina.util.LifecycleBase - Setting state for [org.springframework.boot.tomcat.LazySessionIdGenerator@3d9f5016] to [STARTING_PREP]
2026-04-10 19:46:55.689 [39mDEBUG[0;39m [35m[][0;39m [33m[main][0;39m DEBUG org.apache.catalina.util.LifecycleBase - Setting state for [org.springframework.boot.tomcat.LazySessionIdGenerator@3d9f5016] to [STARTING]
2026-04-10 19:46:55.690 [39mDEBUG[0;39m [35m[][0;39m [33m[main][0;39m DEBUG org.apache.catalina.util.LifecycleBase - Setting state for [org.springframework.boot.tomcat.LazySessionIdGenerator@3d9f5016] to [STARTED]
2026-04-10 19:46:55.692 [39mDEBUG[0;39m [35m[][0;39m [33m[main][0;39m DEBUG org.apache.catalina.util.LifecycleBase - Setting state for [StandardManager[StandardEngine[Tomcat].StandardHost[localhost].TomcatEmbeddedContext[]]] to [STARTING]
2026-04-10 19:46:55.693 [39mDEBUG[0;39m [35m[][0;39m [33m[main][0;39m DEBUG org.apache.catalina.util.LifecycleBase - Setting state for [StandardManager[StandardEngine[Tomcat].StandardHost[localhost].TomcatEmbeddedContext[]]] to [STARTED]
2026-04-10 19:46:55.712 [39mDEBUG[0;39m [35m[][0;39m [33m[main][0;39m DEBUG org.apache.catalina.util.LifecycleBase - Setting state for [StandardEngine[Tomcat].StandardHost[localhost].TomcatEmbeddedContext[]] to [STARTING]
2026-04-10 19:46:55.715 [39mDEBUG[0;39m [35m[][0;39m [33m[main][0;39m DEBUG org.apache.catalina.util.LifecycleBase - Setting state for [StandardEngine[Tomcat].StandardHost[localhost].TomcatEmbeddedContext[]] to [STARTED]
2026-04-10 19:46:55.715 [39mDEBUG[0;39m [35m[][0;39m [33m[main][0;39m DEBUG org.apache.catalina.util.LifecycleBase - Setting state for [StandardPipeline[StandardEngine[Tomcat].StandardHost[localhost]]] to [INITIALIZING]
2026-04-10 19:46:55.717 [39mDEBUG[0;39m [35m[][0;39m [33m[main][0;39m DEBUG org.apache.catalina.util.LifecycleBase - Setting state for [StandardPipeline[StandardEngine[Tomcat].StandardHost[localhost]]] to [INITIALIZED]
2026-04-10 19:46:55.718 [39mDEBUG[0;39m [35m[][0;39m [33m[main][0;39m DEBUG org.apache.catalina.util.LifecycleBase - Setting state for [StandardPipeline[StandardEngine[Tomcat].StandardHost[localhost]]] to [STARTING_PREP]
2026-04-10 19:46:55.719 [39mDEBUG[0;39m [35m[][0;39m [33m[main][0;39m DEBUG org.apache.catalina.util.LifecycleBase - Setting state for [ErrorReportValve[StandardEngine[Tomcat].StandardHost[localhost]]] to [INITIALIZING]
2026-04-10 19:46:55.720 [39mDEBUG[0;39m [35m[][0;39m [33m[main][0;39m DEBUG org.apache.catalina.util.LifecycleBase - Setting state for [ErrorReportValve[StandardEngine[Tomcat].StandardHost[localhost]]] to [INITIALIZED]
2026-04-10 19:46:55.720 [39mDEBUG[0;39m [35m[][0;39m [33m[main][0;39m DEBUG org.apache.catalina.util.LifecycleBase - Setting state for [ErrorReportValve[StandardEngine[Tomcat].StandardHost[localhost]]] to [STARTING_PREP]
2026-04-10 19:46:55.721 [39mDEBUG[0;39m [35m[][0;39m [33m[main][0;39m DEBUG org.apache.catalina.util.LifecycleBase - Setting state for [ErrorReportValve[StandardEngine[Tomcat].StandardHost[localhost]]] to [STARTING]
2026-04-10 19:46:55.721 [39mDEBUG[0;39m [35m[][0;39m [33m[main][0;39m DEBUG org.apache.catalina.util.LifecycleBase - Setting state for [ErrorReportValve[StandardEngine[Tomcat].StandardHost[localhost]]] to [STARTED]
2026-04-10 19:46:55.723 [39mDEBUG[0;39m [35m[][0;39m [33m[main][0;39m DEBUG org.apache.catalina.util.LifecycleBase - Setting state for [StandardHostValve[StandardEngine[Tomcat].StandardHost[localhost]]] to [INITIALIZING]
2026-04-10 19:46:55.725 [39mDEBUG[0;39m [35m[][0;39m [33m[main][0;39m DEBUG org.apache.catalina.util.LifecycleBase - Setting state for [StandardHostValve[StandardEngine[Tomcat].StandardHost[localhost]]] to [INITIALIZED]
2026-04-10 19:46:55.727 [39mDEBUG[0;39m [35m[][0;39m [33m[main][0;39m DEBUG org.apache.catalina.util.LifecycleBase - Setting state for [StandardHostValve[StandardEngine[Tomcat].StandardHost[localhost]]] to [STARTING_PREP]
2026-04-10 19:46:55.728 [39mDEBUG[0;39m [35m[][0;39m [33m[main][0;39m DEBUG org.apache.catalina.util.LifecycleBase - Setting state for [StandardHostValve[StandardEngine[Tomcat].StandardHost[localhost]]] to [STARTING]
2026-04-10 19:46:55.729 [39mDEBUG[0;39m [35m[][0;39m [33m[main][0;39m DEBUG org.apache.catalina.util.LifecycleBase - Setting state for [StandardHostValve[StandardEngine[Tomcat].StandardHost[localhost]]] to [STARTED]
2026-04-10 19:46:55.729 [39mDEBUG[0;39m [35m[][0;39m [33m[main][0;39m DEBUG org.apache.catalina.util.LifecycleBase - Setting state for [StandardPipeline[StandardEngine[Tomcat].StandardHost[localhost]]] to [STARTING]
2026-04-10 19:46:55.729 [39mDEBUG[0;39m [35m[][0;39m [33m[main][0;39m DEBUG org.apache.catalina.util.LifecycleBase - Setting state for [StandardPipeline[StandardEngine[Tomcat].StandardHost[localhost]]] to [STARTED]
2026-04-10 19:46:55.731 [39mDEBUG[0;39m [35m[][0;39m [33m[main][0;39m DEBUG org.apache.catalina.util.LifecycleBase - Setting state for [StandardEngine[Tomcat].StandardHost[localhost]] to [STARTING]
2026-04-10 19:46:55.734 [39mDEBUG[0;39m [35m[][0;39m [33m[main][0;39m DEBUG org.apache.catalina.util.LifecycleBase - Setting state for [StandardEngine[Tomcat].StandardHost[localhost]] to [STARTED]
2026-04-10 19:46:55.736 [39mDEBUG[0;39m [35m[][0;39m [33m[main][0;39m DEBUG org.apache.catalina.util.LifecycleBase - Setting state for [StandardPipeline[StandardEngine[Tomcat]]] to [INITIALIZING]
2026-04-10 19:46:55.738 [39mDEBUG[0;39m [35m[][0;39m [33m[main][0;39m DEBUG org.apache.catalina.util.LifecycleBase - Setting state for [StandardPipeline[StandardEngine[Tomcat]]] to [INITIALIZED]
2026-04-10 19:46:55.740 [39mDEBUG[0;39m [35m[][0;39m [33m[main][0;39m DEBUG org.apache.catalina.util.LifecycleBase - Setting state for [StandardPipeline[StandardEngine[Tomcat]]] to [STARTING_PREP]
2026-04-10 19:46:55.741 [39mDEBUG[0;39m [35m[][0;39m [33m[main][0;39m DEBUG org.apache.catalina.util.LifecycleBase - Setting state for [StandardEngineValve[StandardEngine[Tomcat]]] to [INITIALIZING]
2026-04-10 19:46:55.743 [39mDEBUG[0;39m [35m[][0;39m [33m[main][0;39m DEBUG org.apache.catalina.util.LifecycleBase - Setting state for [StandardEngineValve[StandardEngine[Tomcat]]] to [INITIALIZED]
2026-04-10 19:46:55.744 [39mDEBUG[0;39m [35m[][0;39m [33m[main][0;39m DEBUG org.apache.catalina.util.LifecycleBase - Setting state for [StandardEngineValve[StandardEngine[Tomcat]]] to [STARTING_PREP]
2026-04-10 19:46:55.745 [39mDEBUG[0;39m [35m[][0;39m [33m[main][0;39m DEBUG org.apache.catalina.util.LifecycleBase - Setting state for [StandardEngineValve[StandardEngine[Tomcat]]] to [STARTING]
2026-04-10 19:46:55.746 [39mDEBUG[0;39m [35m[][0;39m [33m[main][0;39m DEBUG org.apache.catalina.util.LifecycleBase - Setting state for [StandardEngineValve[StandardEngine[Tomcat]]] to [STARTED]
2026-04-10 19:46:55.748 [39mDEBUG[0;39m [35m[][0;39m [33m[main][0;39m DEBUG org.apache.catalina.util.LifecycleBase - Setting state for [StandardPipeline[StandardEngine[Tomcat]]] to [STARTING]
2026-04-10 19:46:55.749 [39mDEBUG[0;39m [35m[][0;39m [33m[main][0;39m DEBUG org.apache.catalina.util.LifecycleBase - Setting state for [StandardPipeline[StandardEngine[Tomcat]]] to [STARTED]
2026-04-10 19:46:55.750 [39mDEBUG[0;39m [35m[][0;39m [33m[main][0;39m DEBUG org.apache.catalina.util.LifecycleBase - Setting state for [StandardEngine[Tomcat]] to [STARTING]
2026-04-10 19:46:55.758 [39mDEBUG[0;39m [35m[][0;39m [33m[main][0;39m DEBUG org.apache.catalina.util.LifecycleBase - Setting state for [StandardEngine[Tomcat]] to [STARTED]
2026-04-10 19:46:55.759 [39mDEBUG[0;39m [35m[][0;39m [33m[main][0;39m DEBUG org.apache.catalina.util.LifecycleBase - Setting state for [org.apache.catalina.mapper.MapperListener@33379242] to [STARTING_PREP]
2026-04-10 19:46:55.759 [39mDEBUG[0;39m [35m[][0;39m [33m[main][0;39m DEBUG org.apache.catalina.util.LifecycleBase - Setting state for [org.apache.catalina.mapper.MapperListener@33379242] to [STARTING]
2026-04-10 19:46:55.763 [39mDEBUG[0;39m [35m[][0;39m [33m[main][0;39m DEBUG org.apache.catalina.mapper.Mapper - Registered host [localhost]
2026-04-10 19:46:55.766 [39mDEBUG[0;39m [35m[][0;39m [33m[main][0;39m DEBUG org.apache.catalina.mapper.MapperListener - Register Wrapper [dispatcherServlet] in Context [] for service [StandardService[Tomcat]]
2026-04-10 19:46:55.767 [39mDEBUG[0;39m [35m[][0;39m [33m[main][0;39m DEBUG org.apache.catalina.mapper.MapperListener - Register Context [] for service [StandardService[Tomcat]]
2026-04-10 19:46:55.767 [39mDEBUG[0;39m [35m[][0;39m [33m[main][0;39m DEBUG org.apache.catalina.mapper.MapperListener - Register host [localhost] at domain [null] for service [StandardService[Tomcat]]
2026-04-10 19:46:55.768 [39mDEBUG[0;39m [35m[][0;39m [33m[main][0;39m DEBUG org.apache.catalina.util.LifecycleBase - Setting state for [org.apache.catalina.mapper.MapperListener@33379242] to [STARTED]
2026-04-10 19:46:55.768 [39mDEBUG[0;39m [35m[][0;39m [33m[main][0;39m DEBUG org.apache.catalina.util.LifecycleBase - Setting state for [StandardService[Tomcat]] to [STARTED]
2026-04-10 19:46:55.769 [39mDEBUG[0;39m [35m[][0;39m [33m[main][0;39m DEBUG org.apache.catalina.util.LifecycleBase - Setting state for [StandardServer[-1]] to [STARTED]
2026-04-10 19:46:56.276 [34mINFO [0;39m [35m[][0;39m [33m[main][0;39m INFO com.zaxxer.hikari.HikariDataSource - HikariPool-1 - Starting...
2026-04-10 19:46:57.743 [34mINFO [0;39m [35m[][0;39m [33m[main][0;39m INFO org.hibernate.orm.jpa - HHH008540: Processing PersistenceUnitInfo [name: default]
2026-04-10 19:46:58.114 [34mINFO [0;39m [35m[][0;39m [33m[main][0;39m INFO org.hibernate.orm.core - HHH000001: Hibernate ORM core version 7.2.0.Final
